  main.cpp
D:\Programs\mybaguashogi\mybaguashogi\game\board.h(264,18): warning C4267: “初始化”: 从“size_t”转换到“int”，可能丢失数据
  (编译源文件“main.cpp”)
  
D:\Programs\mybaguashogi\mybaguashogi\game\board.h(272,18): warning C4267: “初始化”: 从“size_t”转换到“int”，可能丢失数据
  (编译源文件“main.cpp”)
  
D:\TensorRT-8.6.1.6\include\NvInfer.h(6125,1): warning C4819: 该文件包含不能在当前代码页(936)中表示的字符。请将该文件保存为 Unicode 格式以防止数据丢失
  (编译源文件“main.cpp”)
  
D:\Programs\mybaguashogi\mybaguashogi\main.cpp(189,51): warning C4305: “参数”: 从“double”到“float”截断
D:\Programs\mybaguashogi\mybaguashogi\main.cpp(189,21): warning C4305: “参数”: 从“double”到“float”截断
D:\Programs\mybaguashogi\mybaguashogi\main.cpp(216,55): warning C4305: “参数”: 从“double”到“float”截断
D:\Programs\mybaguashogi\mybaguashogi\main.cpp(216,25): warning C4305: “参数”: 从“double”到“float”截断
D:\Programs\mybaguashogi\mybaguashogi\main.cpp(229,41): warning C4267: “参数”: 从“size_t”转换到“int”，可能丢失数据
D:\Programs\mybaguashogi\mybaguashogi\main.cpp(246,26): warning C4244: “=”: 从“double”转换到“_Ty”，可能丢失数据
D:\Programs\mybaguashogi\mybaguashogi\main.cpp(246,26): warning C4244:         with
D:\Programs\mybaguashogi\mybaguashogi\main.cpp(246,26): warning C4244:         [
D:\Programs\mybaguashogi\mybaguashogi\main.cpp(246,26): warning C4244:             _Ty=float
D:\Programs\mybaguashogi\mybaguashogi\main.cpp(246,26): warning C4244:         ]
D:\Programs\mybaguashogi\mybaguashogi\main.cpp(248,67): warning C4244: “=”: 从“double”转换到“_Ty”，可能丢失数据
D:\Programs\mybaguashogi\mybaguashogi\main.cpp(248,67): warning C4244:         with
D:\Programs\mybaguashogi\mybaguashogi\main.cpp(248,67): warning C4244:         [
D:\Programs\mybaguashogi\mybaguashogi\main.cpp(248,67): warning C4244:             _Ty=float
D:\Programs\mybaguashogi\mybaguashogi\main.cpp(248,67): warning C4244:         ]
D:\Programs\mybaguashogi\mybaguashogi\main.cpp(249,30): warning C4244: “/=”: 从“double”转换到“_Ty”，可能丢失数据
D:\Programs\mybaguashogi\mybaguashogi\main.cpp(249,30): warning C4244:         with
D:\Programs\mybaguashogi\mybaguashogi\main.cpp(249,30): warning C4244:         [
D:\Programs\mybaguashogi\mybaguashogi\main.cpp(249,30): warning C4244:             _Ty=float
D:\Programs\mybaguashogi\mybaguashogi\main.cpp(249,30): warning C4244:         ]
D:\Programs\mybaguashogi\mybaguashogi\main.cpp(285,18): warning C4267: “参数”: 从“size_t”转换到“int”，可能丢失数据
D:\Programs\mybaguashogi\mybaguashogi\main.cpp(288,26): warning C4267: “参数”: 从“size_t”转换到“int”，可能丢失数据
D:\Programs\mybaguashogi\mybaguashogi\main.cpp(301,21): warning C4101: “rd”: 未引用的局部变量
  match.cpp
D:\Programs\mybaguashogi\mybaguashogi\game\board.h(264,18): warning C4267: “初始化”: 从“size_t”转换到“int”，可能丢失数据
  (编译源文件“match.cpp”)
  
D:\Programs\mybaguashogi\mybaguashogi\game\board.h(272,18): warning C4267: “初始化”: 从“size_t”转换到“int”，可能丢失数据
  (编译源文件“match.cpp”)
  
D:\TensorRT-8.6.1.6\include\NvInfer.h(6125,1): warning C4819: 该文件包含不能在当前代码页(936)中表示的字符。请将该文件保存为 Unicode 格式以防止数据丢失
  (编译源文件“match.cpp”)
  
D:\Programs\mybaguashogi\mybaguashogi\match.cpp(10,69): warning C4305: “参数”: 从“double”到“float”截断
D:\Programs\mybaguashogi\mybaguashogi\match.cpp(11,57): warning C4305: “参数”: 从“double”到“float”截断
D:\Programs\mybaguashogi\mybaguashogi\match.cpp(21,14): warning C4244: “初始化”: 从“unsigned int”转换到“float”，可能丢失数据
D:\Programs\mybaguashogi\mybaguashogi\match.cpp(26,19): warning C4244: “=”: 从“double”转换到“_Ty”，可能丢失数据
D:\Programs\mybaguashogi\mybaguashogi\match.cpp(26,19): warning C4244:         with
D:\Programs\mybaguashogi\mybaguashogi\match.cpp(26,19): warning C4244:         [
D:\Programs\mybaguashogi\mybaguashogi\match.cpp(26,19): warning C4244:             _Ty=float
D:\Programs\mybaguashogi\mybaguashogi\match.cpp(26,19): warning C4244:         ]
D:\Programs\mybaguashogi\mybaguashogi\match.cpp(31,23): warning C4267: “参数”: 从“size_t”转换到“int”，可能丢失数据
D:\Programs\mybaguashogi\mybaguashogi\match.cpp(33,29): warning C4267: “参数”: 从“size_t”转换到“int”，可能丢失数据
D:\Programs\mybaguashogi\mybaguashogi\match.cpp(34,29): warning C4267: “参数”: 从“size_t”转换到“int”，可能丢失数据
  mcts.cpp
D:\Programs\mybaguashogi\mybaguashogi\game\board.h(264,18): warning C4267: “初始化”: 从“size_t”转换到“int”，可能丢失数据
  (编译源文件“search/mcts.cpp”)
  
D:\Programs\mybaguashogi\mybaguashogi\game\board.h(272,18): warning C4267: “初始化”: 从“size_t”转换到“int”，可能丢失数据
  (编译源文件“search/mcts.cpp”)
  
D:\TensorRT-8.6.1.6\include\NvInfer.h(6125,1): warning C4819: 该文件包含不能在当前代码页(936)中表示的字符。请将该文件保存为 Unicode 格式以防止数据丢失
  (编译源文件“search/mcts.cpp”)
  
D:\Programs\mybaguashogi\mybaguashogi\search\mcts.cpp(182,11): warning C4244: “初始化”: 从“double”转换到“float”，可能丢失数据
D:\Programs\mybaguashogi\mybaguashogi\search\mcts.cpp(192,20): warning C4244: “初始化”: 从“double”转换到“float”，可能丢失数据
D:\Programs\mybaguashogi\mybaguashogi\search\mcts.cpp(209,12): warning C4244: “初始化”: 从“double”转换到“float”，可能丢失数据
D:\Programs\mybaguashogi\mybaguashogi\search\mcts.cpp(293,9): warning C4267: “初始化”: 从“size_t”转换到“int”，可能丢失数据
D:\Programs\mybaguashogi\mybaguashogi\search\mcts.cpp(315,53): warning C4267: “参数”: 从“size_t”转换到“int”，可能丢失数据
D:\Programs\mybaguashogi\mybaguashogi\search\mcts.cpp(367,30): warning C4244: “=”: 从“int”转换到“float”，可能丢失数据
D:\Programs\mybaguashogi\mybaguashogi\search\mcts.cpp(369,167): warning C4244: “=”: 从“_Ty”转换到“float”，可能丢失数据
D:\Programs\mybaguashogi\mybaguashogi\search\mcts.cpp(369,167): warning C4244:         with
D:\Programs\mybaguashogi\mybaguashogi\search\mcts.cpp(369,167): warning C4244:         [
D:\Programs\mybaguashogi\mybaguashogi\search\mcts.cpp(369,167): warning C4244:             _Ty=double
D:\Programs\mybaguashogi\mybaguashogi\search\mcts.cpp(369,167): warning C4244:         ]
D:\Programs\mybaguashogi\mybaguashogi\search\mcts.cpp(560,93): warning C4244: “参数”: 从“double”转换到“const _Ty”，可能丢失数据
D:\Programs\mybaguashogi\mybaguashogi\search\mcts.cpp(560,93): warning C4244:         with
D:\Programs\mybaguashogi\mybaguashogi\search\mcts.cpp(560,93): warning C4244:         [
D:\Programs\mybaguashogi\mybaguashogi\search\mcts.cpp(560,93): warning C4244:             _Ty=float
D:\Programs\mybaguashogi\mybaguashogi\search\mcts.cpp(560,93): warning C4244:         ]
D:\Programs\mybaguashogi\mybaguashogi\search\mcts.cpp(575,50): warning C4244: “=”: 从“double”转换到“int”，可能丢失数据
D:\Programs\mybaguashogi\mybaguashogi\search\mcts.cpp(619,31): warning C4244: “参数”: 从“double”转换到“_Ty”，可能丢失数据
D:\Programs\mybaguashogi\mybaguashogi\search\mcts.cpp(619,31): warning C4244:         with
D:\Programs\mybaguashogi\mybaguashogi\search\mcts.cpp(619,31): warning C4244:         [
D:\Programs\mybaguashogi\mybaguashogi\search\mcts.cpp(619,31): warning C4244:             _Ty=float
D:\Programs\mybaguashogi\mybaguashogi\search\mcts.cpp(619,31): warning C4244:         ]
D:\Programs\mybaguashogi\mybaguashogi\search\mcts.cpp(635,27): warning C4244: “=”: 从“double”转换到“int”，可能丢失数据
D:\Programs\mybaguashogi\mybaguashogi\search\mcts.cpp(639,15): warning C4244: “参数”: 从“double”转换到“float”，可能丢失数据
D:\Program Files\Microsoft Visual Studio\2022\Community\VC\Tools\MSVC\14.44.35207\include\xutility(462,85): warning C4244: “参数”: 从“const unsigned __int64”转换到“unsigned int”，可能丢失数据
  (编译源文件“search/mcts.cpp”)
      D:\Program Files\Microsoft Visual Studio\2022\Community\VC\Tools\MSVC\14.44.35207\include\xutility(462,85):
      模板实例化上下文(最早的实例化上下文)为
          D:\Programs\mybaguashogi\mybaguashogi\search\mcts.cpp(195,28):
          查看对正在编译的函数 模板 实例化“std::shared_ptr<TreeNode> std::make_shared<TreeNode,TreeNode*,const unsigned __int64&,const float&>(TreeNode *&&,const unsigned __int64 &,const float &)”的引用
          D:\Program Files\Microsoft Visual Studio\2022\Community\VC\Tools\MSVC\14.44.35207\include\memory(2913,46):
          查看对正在编译的函数 模板 实例化“std::_Ref_count_obj2<TreeNode>::_Ref_count_obj2<_Ty,const unsigned __int64&,const float&>(_Ty &&,const unsigned __int64 &,const float &)”的引用
          with
          [
              _Ty=TreeNode *
          ]
          D:\Program Files\Microsoft Visual Studio\2022\Community\VC\Tools\MSVC\14.44.35207\include\memory(2100,18):
          查看对正在编译的函数 模板 实例化“void std::_Construct_in_place<_Ty,TreeNode*,const unsigned __int64&,const float&>(_Ty &,TreeNode *&&,const unsigned __int64 &,const float &) noexcept(false)”的引用
          with
          [
              _Ty=TreeNode
          ]
          D:\Program Files\Microsoft Visual Studio\2022\Community\VC\Tools\MSVC\14.44.35207\include\xutility(472,14):
          查看对正在编译的函数 模板 实例化“_Ty *std::construct_at<_Ty,TreeNode*,const unsigned __int64&,const float&>(_Ty *const ,TreeNode *&&,const unsigned __int64 &,const float &) noexcept(<expr>)”的引用
          with
          [
              _Ty=TreeNode
          ]
  
D:\Program Files\Microsoft Visual Studio\2022\Community\VC\Tools\MSVC\14.44.35207\include\xutility(476,82): warning C4244: “参数”: 从“const unsigned __int64”转换到“unsigned int”，可能丢失数据
  (编译源文件“search/mcts.cpp”)
  
D:\Program Files\Microsoft Visual Studio\2022\Community\VC\Tools\MSVC\14.44.35207\include\xutility(463,90): warning C4244: “参数”: 从“const unsigned __int64”转换到“unsigned int”，可能丢失数据
  (编译源文件“search/mcts.cpp”)
      D:\Program Files\Microsoft Visual Studio\2022\Community\VC\Tools\MSVC\14.44.35207\include\xutility(463,90):
      模板实例化上下文(最早的实例化上下文)为
          D:\Program Files\Microsoft Visual Studio\2022\Community\VC\Tools\MSVC\14.44.35207\include\memory(2100,18):
          查看对正在编译的函数 模板 实例化“void std::_Construct_in_place<_Ty,TreeNode*,const unsigned __int64&,const float&>(_Ty &,TreeNode *&&,const unsigned __int64 &,const float &) noexcept(false)”的引用
          with
          [
              _Ty=TreeNode
          ]
          D:\Program Files\Microsoft Visual Studio\2022\Community\VC\Tools\MSVC\14.44.35207\include\xutility(472,14):
          查看对正在编译的函数 模板 实例化“_Ty *std::construct_at<_Ty,TreeNode*,const unsigned __int64&,const float&>(_Ty *const ,TreeNode *&&,const unsigned __int64 &,const float &) noexcept(false)”的引用
          with
          [
              _Ty=TreeNode
          ]
  
  selfplay.cpp
D:\Programs\mybaguashogi\mybaguashogi\game\board.h(264,18): warning C4267: “初始化”: 从“size_t”转换到“int”，可能丢失数据
  (编译源文件“selfplay.cpp”)
  
D:\Programs\mybaguashogi\mybaguashogi\game\board.h(272,18): warning C4267: “初始化”: 从“size_t”转换到“int”，可能丢失数据
  (编译源文件“selfplay.cpp”)
  
D:\TensorRT-8.6.1.6\include\NvInfer.h(6125,1): warning C4819: 该文件包含不能在当前代码页(936)中表示的字符。请将该文件保存为 Unicode 格式以防止数据丢失
  (编译源文件“selfplay.cpp”)
  
D:\Programs\mybaguashogi\mybaguashogi\selfplay.cpp(10,56): warning C4305: “参数”: 从“double”到“float”截断
D:\Programs\mybaguashogi\mybaguashogi\selfplay.cpp(10,19): warning C4305: “参数”: 从“double”到“float”截断
D:\Programs\mybaguashogi\mybaguashogi\selfplay.cpp(54,14): warning C4244: “初始化”: 从“_Ty”转换到“float”，可能丢失数据
D:\Programs\mybaguashogi\mybaguashogi\selfplay.cpp(54,14): warning C4244:         with
D:\Programs\mybaguashogi\mybaguashogi\selfplay.cpp(54,14): warning C4244:         [
D:\Programs\mybaguashogi\mybaguashogi\selfplay.cpp(54,14): warning C4244:             _Ty=double
D:\Programs\mybaguashogi\mybaguashogi\selfplay.cpp(54,14): warning C4244:         ]
D:\Programs\mybaguashogi\mybaguashogi\selfplay.cpp(59,25): warning C4244: “=”: 从“double”转换到“_Ty”，可能丢失数据
D:\Programs\mybaguashogi\mybaguashogi\selfplay.cpp(59,25): warning C4244:         with
D:\Programs\mybaguashogi\mybaguashogi\selfplay.cpp(59,25): warning C4244:         [
D:\Programs\mybaguashogi\mybaguashogi\selfplay.cpp(59,25): warning C4244:             _Ty=float
D:\Programs\mybaguashogi\mybaguashogi\selfplay.cpp(59,25): warning C4244:         ]
D:\Programs\mybaguashogi\mybaguashogi\selfplay.cpp(64,15): warning C4244: “初始化”: 从“_Ty”转换到“float”，可能丢失数据
D:\Programs\mybaguashogi\mybaguashogi\selfplay.cpp(64,15): warning C4244:         with
D:\Programs\mybaguashogi\mybaguashogi\selfplay.cpp(64,15): warning C4244:         [
D:\Programs\mybaguashogi\mybaguashogi\selfplay.cpp(64,15): warning C4244:             _Ty=double
D:\Programs\mybaguashogi\mybaguashogi\selfplay.cpp(64,15): warning C4244:         ]
D:\Programs\mybaguashogi\mybaguashogi\selfplay.cpp(77,22): warning C4267: “参数”: 从“size_t”转换到“int”，可能丢失数据
D:\Programs\mybaguashogi\mybaguashogi\selfplay.cpp(80,25): warning C4267: “参数”: 从“size_t”转换到“int”，可能丢失数据
  正在生成代码...
  正在编译...
  mybaguashogi.vcxproj -> D:\Programs\mybaguashogi\x64\Debug\mybaguashogi.exe
