d:\programs\mybaguashogi\mybaguashogi\x64\release\vc143.pdb
d:\programs\mybaguashogi\mybaguashogi\x64\release\threadsafecounter.obj
d:\programs\mybaguashogi\mybaguashogi\x64\release\test.obj
d:\programs\mybaguashogi\mybaguashogi\x64\release\rand_helpers.obj
d:\programs\mybaguashogi\mybaguashogi\x64\release\multithread.obj
d:\programs\mybaguashogi\mybaguashogi\x64\release\md5.obj
d:\programs\mybaguashogi\mybaguashogi\x64\release\logger.obj
d:\programs\mybaguashogi\mybaguashogi\x64\release\hash.obj
d:\programs\mybaguashogi\mybaguashogi\x64\release\global.obj
d:\programs\mybaguashogi\mybaguashogi\x64\release\fancymath.obj
d:\programs\mybaguashogi\mybaguashogi\x64\release\elo.obj
d:\programs\mybaguashogi\mybaguashogi\x64\release\datetime.obj
d:\programs\mybaguashogi\mybaguashogi\x64\release\config_parser.obj
d:\programs\mybaguashogi\mybaguashogi\x64\release\commandloop.obj
d:\programs\mybaguashogi\mybaguashogi\x64\release\bsearch.obj
d:\programs\mybaguashogi\mybaguashogi\x64\release\base64.obj
d:\programs\mybaguashogi\mybaguashogi\x64\release\timer.obj
d:\programs\mybaguashogi\mybaguashogi\x64\release\threadtest.obj
d:\programs\mybaguashogi\mybaguashogi\x64\release\threadsafequeue.obj
d:\programs\mybaguashogi\mybaguashogi\x64\release\rand.obj
d:\programs\mybaguashogi\mybaguashogi\x64\release\main.obj
d:\programs\mybaguashogi\mybaguashogi\x64\release\boardhistory.obj
d:\programs\mybaguashogi\mybaguashogi\x64\release\gamelogic.obj
d:\programs\mybaguashogi\mybaguashogi\x64\release\board.obj
d:\programs\mybaguashogi\mybaguashogi\x64\release\selfplay.obj
d:\programs\mybaguashogi\mybaguashogi\x64\release\mcts.obj
d:\programs\mybaguashogi\mybaguashogi\x64\release\libtorch.obj
d:\programs\mybaguashogi\mybaguashogi\x64\release\resnet.obj
d:\programs\mybaguashogi\mybaguashogi\x64\release\match.obj
d:\programs\mybaguashogi\x64\release\mybaguashogi.lib
d:\programs\mybaguashogi\x64\release\mybaguashogi.exp
d:\programs\mybaguashogi\x64\release\mybaguashogi.exe
d:\programs\mybaguashogi\x64\release\mybaguashogi.pdb
d:\programs\mybaguashogi\mybaguashogi\x64\release\mybaguashogi.res
d:\programs\mybaguashogi\mybaguashogi\x64\release\mybaguashogi.ipdb
d:\programs\mybaguashogi\mybaguashogi\x64\release\mybaguashogi.iobj
d:\programs\mybaguashogi\mybaguashogi\x64\release\mybaguashogi.tlog\cl.command.1.tlog
d:\programs\mybaguashogi\mybaguashogi\x64\release\mybaguashogi.tlog\cl.items.tlog
d:\programs\mybaguashogi\mybaguashogi\x64\release\mybaguashogi.tlog\cl.read.1.tlog
d:\programs\mybaguashogi\mybaguashogi\x64\release\mybaguashogi.tlog\cl.write.1.tlog
d:\programs\mybaguashogi\mybaguashogi\x64\release\mybaguashogi.tlog\link.command.1.tlog
d:\programs\mybaguashogi\mybaguashogi\x64\release\mybaguashogi.tlog\link.read.1.tlog
d:\programs\mybaguashogi\mybaguashogi\x64\release\mybaguashogi.tlog\link.secondary.1.tlog
d:\programs\mybaguashogi\mybaguashogi\x64\release\mybaguashogi.tlog\link.write.1.tlog
d:\programs\mybaguashogi\mybaguashogi\x64\release\mybaguashogi.tlog\rc.command.1.tlog
d:\programs\mybaguashogi\mybaguashogi\x64\release\mybaguashogi.tlog\rc.read.1.tlog
d:\programs\mybaguashogi\mybaguashogi\x64\release\mybaguashogi.tlog\rc.write.1.tlog
