  main.cpp
D:\Programs\mybaguashogi\mybaguashogi\game\board.h(272,18): warning C4267: “初始化”: 从“size_t”转换到“int”，可能丢失数据
  (编译源文件“main.cpp”)
  
D:\TensorRT-8.6.1.6\include\NvInfer.h(6125,1): warning C4819: 该文件包含不能在当前代码页(936)中表示的字符。请将该文件保存为 Unicode 格式以防止数据丢失
  (编译源文件“main.cpp”)
  
D:\Programs\mybaguashogi\mybaguashogi\search\bufferpool.h(50,18): warning C4267: “初始化”: 从“size_t”转换到“int”，可能丢失数据
  (编译源文件“main.cpp”)
  
D:\Programs\mybaguashogi\mybaguashogi\search\bufferpool.h(102,24): warning C4267: “=”: 从“size_t”转换到“int”，可能丢失数据
  (编译源文件“main.cpp”)
  
D:\Programs\mybaguashogi\mybaguashogi\main.cpp(337,18): warning C4018: “<”: 有符号/无符号不匹配
D:\Programs\mybaguashogi\mybaguashogi\main.cpp(311,21): warning C4101: “rd”: 未引用的局部变量
  match.cpp
D:\Programs\mybaguashogi\mybaguashogi\game\board.h(272,18): warning C4267: “初始化”: 从“size_t”转换到“int”，可能丢失数据
  (编译源文件“match.cpp”)
  
D:\TensorRT-8.6.1.6\include\NvInfer.h(6125,1): warning C4819: 该文件包含不能在当前代码页(936)中表示的字符。请将该文件保存为 Unicode 格式以防止数据丢失
  (编译源文件“match.cpp”)
  
D:\Programs\mybaguashogi\mybaguashogi\search\bufferpool.h(50,18): warning C4267: “初始化”: 从“size_t”转换到“int”，可能丢失数据
  (编译源文件“match.cpp”)
  
D:\Programs\mybaguashogi\mybaguashogi\search\bufferpool.h(102,24): warning C4267: “=”: 从“size_t”转换到“int”，可能丢失数据
  (编译源文件“match.cpp”)
  
D:\Programs\mybaguashogi\mybaguashogi\match.cpp(26,19): warning C4244: “=”: 从“double”转换到“_Ty”，可能丢失数据
D:\Programs\mybaguashogi\mybaguashogi\match.cpp(26,19): warning C4244:         with
D:\Programs\mybaguashogi\mybaguashogi\match.cpp(26,19): warning C4244:         [
D:\Programs\mybaguashogi\mybaguashogi\match.cpp(26,19): warning C4244:             _Ty=float
D:\Programs\mybaguashogi\mybaguashogi\match.cpp(26,19): warning C4244:         ]
D:\Programs\mybaguashogi\mybaguashogi\match.cpp(31,23): warning C4267: “参数”: 从“size_t”转换到“int”，可能丢失数据
D:\Programs\mybaguashogi\mybaguashogi\match.cpp(33,29): warning C4267: “参数”: 从“size_t”转换到“int”，可能丢失数据
D:\Programs\mybaguashogi\mybaguashogi\match.cpp(34,29): warning C4267: “参数”: 从“size_t”转换到“int”，可能丢失数据
  bufferpool.cpp
D:\TensorRT-8.6.1.6\include\NvInfer.h(6125,1): warning C4819: 该文件包含不能在当前代码页(936)中表示的字符。请将该文件保存为 Unicode 格式以防止数据丢失
  (编译源文件“search/bufferpool.cpp”)
  
D:\Programs\mybaguashogi\mybaguashogi\game\board.h(272,18): warning C4267: “初始化”: 从“size_t”转换到“int”，可能丢失数据
  (编译源文件“search/bufferpool.cpp”)
  
D:\Programs\mybaguashogi\mybaguashogi\search\bufferpool.h(50,18): warning C4267: “初始化”: 从“size_t”转换到“int”，可能丢失数据
  (编译源文件“search/bufferpool.cpp”)
  
D:\Programs\mybaguashogi\mybaguashogi\search\bufferpool.h(102,24): warning C4267: “=”: 从“size_t”转换到“int”，可能丢失数据
  (编译源文件“search/bufferpool.cpp”)
  
  mcts.cpp
D:\Programs\mybaguashogi\mybaguashogi\game\board.h(272,18): warning C4267: “初始化”: 从“size_t”转换到“int”，可能丢失数据
  (编译源文件“search/mcts.cpp”)
  
D:\TensorRT-8.6.1.6\include\NvInfer.h(6125,1): warning C4819: 该文件包含不能在当前代码页(936)中表示的字符。请将该文件保存为 Unicode 格式以防止数据丢失
  (编译源文件“search/mcts.cpp”)
  
D:\Programs\mybaguashogi\mybaguashogi\search\bufferpool.h(50,18): warning C4267: “初始化”: 从“size_t”转换到“int”，可能丢失数据
  (编译源文件“search/mcts.cpp”)
  
D:\Programs\mybaguashogi\mybaguashogi\search\bufferpool.h(102,24): warning C4267: “=”: 从“size_t”转换到“int”，可能丢失数据
  (编译源文件“search/mcts.cpp”)
  
D:\Programs\mybaguashogi\mybaguashogi\search\mcts.cpp(49,33): warning C4267: “=”: 从“size_t”转换到“int”，可能丢失数据
D:\Programs\mybaguashogi\mybaguashogi\search\mcts.cpp(165,40): warning C4244: “参数”: 从“unsigned int”转换到“float”，可能丢失数据
D:\Programs\mybaguashogi\mybaguashogi\search\mcts.cpp(184,44): warning C4244: “参数”: 从“unsigned int”转换到“float”，可能丢失数据
D:\Programs\mybaguashogi\mybaguashogi\search\mcts.cpp(202,12): warning C4244: “初始化”: 从“double”转换到“float”，可能丢失数据
D:\Programs\mybaguashogi\mybaguashogi\search\mcts.cpp(267,9): warning C4267: “初始化”: 从“size_t”转换到“int”，可能丢失数据
D:\Programs\mybaguashogi\mybaguashogi\search\mcts.cpp(289,53): warning C4267: “参数”: 从“size_t”转换到“int”，可能丢失数据
D:\Programs\mybaguashogi\mybaguashogi\search\mcts.cpp(348,30): warning C4244: “=”: 从“int”转换到“float”，可能丢失数据
D:\Programs\mybaguashogi\mybaguashogi\search\mcts.cpp(480,50): warning C4244: “=”: 从“float”转换到“int”，可能丢失数据
D:\Programs\mybaguashogi\mybaguashogi\search\mcts.cpp(518,32): warning C4244: “参数”: 从“double”转换到“_Ty”，可能丢失数据
D:\Programs\mybaguashogi\mybaguashogi\search\mcts.cpp(518,32): warning C4244:         with
D:\Programs\mybaguashogi\mybaguashogi\search\mcts.cpp(518,32): warning C4244:         [
D:\Programs\mybaguashogi\mybaguashogi\search\mcts.cpp(518,32): warning C4244:             _Ty=float
D:\Programs\mybaguashogi\mybaguashogi\search\mcts.cpp(518,32): warning C4244:         ]
D:\Programs\mybaguashogi\mybaguashogi\search\mcts.cpp(532,48): warning C4244: “=”: 从“int”转换到“float”，可能丢失数据
D:\Programs\mybaguashogi\mybaguashogi\search\mcts.cpp(532,27): warning C4244: “=”: 从“float”转换到“int”，可能丢失数据
D:\Program Files\Microsoft Visual Studio\2022\Community\VC\Tools\MSVC\14.44.35207\include\xutility(462,85): warning C4244: “参数”: 从“const unsigned __int64”转换到“unsigned int”，可能丢失数据
  (编译源文件“search/mcts.cpp”)
      D:\Program Files\Microsoft Visual Studio\2022\Community\VC\Tools\MSVC\14.44.35207\include\xutility(462,85):
      模板实例化上下文(最早的实例化上下文)为
          D:\Programs\mybaguashogi\mybaguashogi\search\mcts.cpp(188,28):
          查看对正在编译的函数 模板 实例化“std::shared_ptr<TreeNode> std::make_shared<TreeNode,TreeNode*,const unsigned __int64&,const float&>(TreeNode *&&,const unsigned __int64 &,const float &)”的引用
          D:\Program Files\Microsoft Visual Studio\2022\Community\VC\Tools\MSVC\14.44.35207\include\memory(2913,46):
          查看对正在编译的函数 模板 实例化“std::_Ref_count_obj2<TreeNode>::_Ref_count_obj2<_Ty,const unsigned __int64&,const float&>(_Ty &&,const unsigned __int64 &,const float &)”的引用
          with
          [
              _Ty=TreeNode *
          ]
          D:\Program Files\Microsoft Visual Studio\2022\Community\VC\Tools\MSVC\14.44.35207\include\memory(2100,18):
          查看对正在编译的函数 模板 实例化“void std::_Construct_in_place<_Ty,TreeNode*,const unsigned __int64&,const float&>(_Ty &,TreeNode *&&,const unsigned __int64 &,const float &) noexcept(false)”的引用
          with
          [
              _Ty=TreeNode
          ]
          D:\Program Files\Microsoft Visual Studio\2022\Community\VC\Tools\MSVC\14.44.35207\include\xutility(472,14):
          查看对正在编译的函数 模板 实例化“_Ty *std::construct_at<_Ty,TreeNode*,const unsigned __int64&,const float&>(_Ty *const ,TreeNode *&&,const unsigned __int64 &,const float &) noexcept(<expr>)”的引用
          with
          [
              _Ty=TreeNode
          ]
  
D:\Program Files\Microsoft Visual Studio\2022\Community\VC\Tools\MSVC\14.44.35207\include\xutility(476,82): warning C4244: “参数”: 从“const unsigned __int64”转换到“unsigned int”，可能丢失数据
  (编译源文件“search/mcts.cpp”)
  
D:\Program Files\Microsoft Visual Studio\2022\Community\VC\Tools\MSVC\14.44.35207\include\xutility(463,90): warning C4244: “参数”: 从“const unsigned __int64”转换到“unsigned int”，可能丢失数据
  (编译源文件“search/mcts.cpp”)
      D:\Program Files\Microsoft Visual Studio\2022\Community\VC\Tools\MSVC\14.44.35207\include\xutility(463,90):
      模板实例化上下文(最早的实例化上下文)为
          D:\Program Files\Microsoft Visual Studio\2022\Community\VC\Tools\MSVC\14.44.35207\include\memory(2100,18):
          查看对正在编译的函数 模板 实例化“void std::_Construct_in_place<_Ty,TreeNode*,const unsigned __int64&,const float&>(_Ty &,TreeNode *&&,const unsigned __int64 &,const float &) noexcept(false)”的引用
          with
          [
              _Ty=TreeNode
          ]
          D:\Program Files\Microsoft Visual Studio\2022\Community\VC\Tools\MSVC\14.44.35207\include\xutility(472,14):
          查看对正在编译的函数 模板 实例化“_Ty *std::construct_at<_Ty,TreeNode*,const unsigned __int64&,const float&>(_Ty *const ,TreeNode *&&,const unsigned __int64 &,const float &) noexcept(false)”的引用
          with
          [
              _Ty=TreeNode
          ]
  
  tensorrt_infer.cpp
D:\TensorRT-8.6.1.6\include\NvInfer.h(6125,1): warning C4819: 该文件包含不能在当前代码页(936)中表示的字符。请将该文件保存为 Unicode 格式以防止数据丢失
  (编译源文件“search/tensorrt_infer.cpp”)
  
D:\Programs\mybaguashogi\mybaguashogi\game\board.h(272,18): warning C4267: “初始化”: 从“size_t”转换到“int”，可能丢失数据
  (编译源文件“search/tensorrt_infer.cpp”)
  
D:\Programs\mybaguashogi\mybaguashogi\search\tensorrt_infer.cpp(71,24): warning C4267: “=”: 从“size_t”转换到“int32_t”，可能丢失数据
D:\Programs\mybaguashogi\mybaguashogi\search\tensorrt_infer.cpp(73,24): warning C4267: “=”: 从“size_t”转换到“int32_t”，可能丢失数据
  utils.cpp
D:\TensorRT-8.6.1.6\include\NvInfer.h(6125,1): warning C4819: 该文件包含不能在当前代码页(936)中表示的字符。请将该文件保存为 Unicode 格式以防止数据丢失
  (编译源文件“search/utils.cpp”)
  
D:\Programs\mybaguashogi\mybaguashogi\game\board.h(272,18): warning C4267: “初始化”: 从“size_t”转换到“int”，可能丢失数据
  (编译源文件“search/utils.cpp”)
  
D:\Programs\mybaguashogi\mybaguashogi\search\utils.cpp(48,46): warning C4244: “=”: 从“double”转换到“_Ty”，可能丢失数据
D:\Programs\mybaguashogi\mybaguashogi\search\utils.cpp(48,46): warning C4244:         with
D:\Programs\mybaguashogi\mybaguashogi\search\utils.cpp(48,46): warning C4244:         [
D:\Programs\mybaguashogi\mybaguashogi\search\utils.cpp(48,46): warning C4244:             _Ty=float
D:\Programs\mybaguashogi\mybaguashogi\search\utils.cpp(48,46): warning C4244:         ]
D:\Programs\mybaguashogi\mybaguashogi\search\utils.cpp(49,46): warning C4244: “=”: 从“double”转换到“_Ty”，可能丢失数据
D:\Programs\mybaguashogi\mybaguashogi\search\utils.cpp(49,46): warning C4244:         with
D:\Programs\mybaguashogi\mybaguashogi\search\utils.cpp(49,46): warning C4244:         [
D:\Programs\mybaguashogi\mybaguashogi\search\utils.cpp(49,46): warning C4244:             _Ty=float
D:\Programs\mybaguashogi\mybaguashogi\search\utils.cpp(49,46): warning C4244:         ]
D:\Programs\mybaguashogi\mybaguashogi\search\utils.cpp(53,40): warning C4244: “=”: 从“int”转换到“_Ty”，可能丢失数据
D:\Programs\mybaguashogi\mybaguashogi\search\utils.cpp(53,40): warning C4244:         with
D:\Programs\mybaguashogi\mybaguashogi\search\utils.cpp(53,40): warning C4244:         [
D:\Programs\mybaguashogi\mybaguashogi\search\utils.cpp(53,40): warning C4244:             _Ty=float
D:\Programs\mybaguashogi\mybaguashogi\search\utils.cpp(53,40): warning C4244:         ]
D:\Programs\mybaguashogi\mybaguashogi\search\utils.cpp(54,40): warning C4244: “=”: 从“int”转换到“_Ty”，可能丢失数据
D:\Programs\mybaguashogi\mybaguashogi\search\utils.cpp(54,40): warning C4244:         with
D:\Programs\mybaguashogi\mybaguashogi\search\utils.cpp(54,40): warning C4244:         [
D:\Programs\mybaguashogi\mybaguashogi\search\utils.cpp(54,40): warning C4244:             _Ty=float
D:\Programs\mybaguashogi\mybaguashogi\search\utils.cpp(54,40): warning C4244:         ]
D:\Programs\mybaguashogi\mybaguashogi\search\utils.cpp(58,45): warning C4244: “=”: 从“double”转换到“_Ty”，可能丢失数据
D:\Programs\mybaguashogi\mybaguashogi\search\utils.cpp(58,45): warning C4244:         with
D:\Programs\mybaguashogi\mybaguashogi\search\utils.cpp(58,45): warning C4244:         [
D:\Programs\mybaguashogi\mybaguashogi\search\utils.cpp(58,45): warning C4244:             _Ty=float
D:\Programs\mybaguashogi\mybaguashogi\search\utils.cpp(58,45): warning C4244:         ]
D:\Programs\mybaguashogi\mybaguashogi\search\utils.cpp(59,45): warning C4244: “=”: 从“double”转换到“_Ty”，可能丢失数据
D:\Programs\mybaguashogi\mybaguashogi\search\utils.cpp(59,45): warning C4244:         with
D:\Programs\mybaguashogi\mybaguashogi\search\utils.cpp(59,45): warning C4244:         [
D:\Programs\mybaguashogi\mybaguashogi\search\utils.cpp(59,45): warning C4244:             _Ty=float
D:\Programs\mybaguashogi\mybaguashogi\search\utils.cpp(59,45): warning C4244:         ]
D:\Programs\mybaguashogi\mybaguashogi\search\utils.cpp(88,46): warning C4244: “=”: 从“double”转换到“_Ty”，可能丢失数据
D:\Programs\mybaguashogi\mybaguashogi\search\utils.cpp(88,46): warning C4244:         with
D:\Programs\mybaguashogi\mybaguashogi\search\utils.cpp(88,46): warning C4244:         [
D:\Programs\mybaguashogi\mybaguashogi\search\utils.cpp(88,46): warning C4244:             _Ty=float
D:\Programs\mybaguashogi\mybaguashogi\search\utils.cpp(88,46): warning C4244:         ]
D:\Programs\mybaguashogi\mybaguashogi\search\utils.cpp(89,46): warning C4244: “=”: 从“double”转换到“_Ty”，可能丢失数据
D:\Programs\mybaguashogi\mybaguashogi\search\utils.cpp(89,46): warning C4244:         with
D:\Programs\mybaguashogi\mybaguashogi\search\utils.cpp(89,46): warning C4244:         [
D:\Programs\mybaguashogi\mybaguashogi\search\utils.cpp(89,46): warning C4244:             _Ty=float
D:\Programs\mybaguashogi\mybaguashogi\search\utils.cpp(89,46): warning C4244:         ]
D:\Programs\mybaguashogi\mybaguashogi\search\utils.cpp(93,40): warning C4244: “=”: 从“int”转换到“_Ty”，可能丢失数据
D:\Programs\mybaguashogi\mybaguashogi\search\utils.cpp(93,40): warning C4244:         with
D:\Programs\mybaguashogi\mybaguashogi\search\utils.cpp(93,40): warning C4244:         [
D:\Programs\mybaguashogi\mybaguashogi\search\utils.cpp(93,40): warning C4244:             _Ty=float
D:\Programs\mybaguashogi\mybaguashogi\search\utils.cpp(93,40): warning C4244:         ]
D:\Programs\mybaguashogi\mybaguashogi\search\utils.cpp(94,40): warning C4244: “=”: 从“int”转换到“_Ty”，可能丢失数据
D:\Programs\mybaguashogi\mybaguashogi\search\utils.cpp(94,40): warning C4244:         with
D:\Programs\mybaguashogi\mybaguashogi\search\utils.cpp(94,40): warning C4244:         [
D:\Programs\mybaguashogi\mybaguashogi\search\utils.cpp(94,40): warning C4244:             _Ty=float
D:\Programs\mybaguashogi\mybaguashogi\search\utils.cpp(94,40): warning C4244:         ]
D:\Programs\mybaguashogi\mybaguashogi\search\utils.cpp(98,45): warning C4244: “=”: 从“double”转换到“_Ty”，可能丢失数据
D:\Programs\mybaguashogi\mybaguashogi\search\utils.cpp(98,45): warning C4244:         with
D:\Programs\mybaguashogi\mybaguashogi\search\utils.cpp(98,45): warning C4244:         [
D:\Programs\mybaguashogi\mybaguashogi\search\utils.cpp(98,45): warning C4244:             _Ty=float
D:\Programs\mybaguashogi\mybaguashogi\search\utils.cpp(98,45): warning C4244:         ]
D:\Programs\mybaguashogi\mybaguashogi\search\utils.cpp(99,45): warning C4244: “=”: 从“double”转换到“_Ty”，可能丢失数据
D:\Programs\mybaguashogi\mybaguashogi\search\utils.cpp(99,45): warning C4244:         with
D:\Programs\mybaguashogi\mybaguashogi\search\utils.cpp(99,45): warning C4244:         [
D:\Programs\mybaguashogi\mybaguashogi\search\utils.cpp(99,45): warning C4244:             _Ty=float
D:\Programs\mybaguashogi\mybaguashogi\search\utils.cpp(99,45): warning C4244:         ]
  selfplay.cpp
D:\Programs\mybaguashogi\mybaguashogi\game\board.h(272,18): warning C4267: “初始化”: 从“size_t”转换到“int”，可能丢失数据
  (编译源文件“selfplay.cpp”)
  
D:\TensorRT-8.6.1.6\include\NvInfer.h(6125,1): warning C4819: 该文件包含不能在当前代码页(936)中表示的字符。请将该文件保存为 Unicode 格式以防止数据丢失
  (编译源文件“selfplay.cpp”)
  
D:\Programs\mybaguashogi\mybaguashogi\search\bufferpool.h(50,18): warning C4267: “初始化”: 从“size_t”转换到“int”，可能丢失数据
  (编译源文件“selfplay.cpp”)
  
D:\Programs\mybaguashogi\mybaguashogi\search\bufferpool.h(102,24): warning C4267: “=”: 从“size_t”转换到“int”，可能丢失数据
  (编译源文件“selfplay.cpp”)
  
D:\Programs\mybaguashogi\mybaguashogi\selfplay.cpp(41,22): warning C4267: “参数”: 从“size_t”转换到“int”，可能丢失数据
D:\Programs\mybaguashogi\mybaguashogi\selfplay.cpp(43,25): warning C4267: “参数”: 从“size_t”转换到“int”，可能丢失数据
  正在生成代码...
  正在编译...
  mybaguashogi.vcxproj -> D:\Programs\mybaguashogi\x64\Debug_Match\mybaguashogi.exe
